<?xml version="1.0" encoding="UTF-8"?>
<!-- Generated by org.testng.reporters.JUnitReportReporter -->
<testsuite hostname="ULTP_336" name="com.plumber.tests.Test_BasicFlow" tests="3" failures="0" timestamp="24 Nov 2015 09:17:17 GMT" time="0.010" errors="0">
  <testcase name="verifyBasicFlow" time="0.000" classname="com.plumber.tests.Test_BasicFlow"/>
  <testcase name="verifyBasicFlow" time="0.010" classname="com.plumber.tests.Test_BasicFlow"/>
  <testcase name="verifyBasicFlow" time="0.000" classname="com.plumber.tests.Test_BasicFlow"/>
</testsuite> <!-- com.plumber.tests.Test_BasicFlow -->
