<?xml version="1.0" encoding="UTF-8"?>
<!-- Generated by org.testng.reporters.JUnitReportReporter -->
<testsuite hostname="ULTP_336" name="Plumber.tests.Test_ChangePassword" tests="1" failures="0" timestamp="14 Oct 2015 05:54:28 GMT" time="146.865" errors="0">
  <testcase name="verifyChangedPassword" time="146.865" classname="Plumber.tests.Test_ChangePassword"/>
</testsuite> <!-- Plumber.tests.Test_ChangePassword -->
