<?xml version="1.0" encoding="UTF-8"?>
<!-- Generated by org.testng.reporters.JUnitReportReporter -->
<testsuite hostname="ULTP_336" name="Plumber.tests.Test_LoginLogout" tests="2" failures="0" timestamp="13 Oct 2015 16:06:34 GMT" time="123.363" errors="0">
  <testcase name="logoutTest" time="6.500" classname="Plumber.tests.Test_LoginLogout"/>
  <testcase name="loginTest" time="116.863" classname="Plumber.tests.Test_LoginLogout"/>
</testsuite> <!-- Plumber.tests.Test_LoginLogout -->
