<?xml version="1.0" encoding="UTF-8"?>
<!-- Generated by org.testng.reporters.JUnitReportReporter -->
<testsuite hostname="ULTP_336" name="com.plumber.tests.Test_JobCount" tests="1" failures="0" timestamp="2 Nov 2015 07:31:37 GMT" time="8.435" errors="0">
  <testcase name="verifyJobCount" time="8.435" classname="com.plumber.tests.Test_JobCount"/>
</testsuite> <!-- com.plumber.tests.Test_JobCount -->
