<?xml version="1.0" encoding="UTF-8"?>
<!-- Generated by org.testng.reporters.JUnitReportReporter -->
<testsuite hostname="ULTP_336" name="Plumber.tests.Test_BasicFlow" tests="2" failures="0" timestamp="29 Oct 2015 07:04:25 GMT" time="0.009" errors="0">
  <testcase name="verifyBasicFlow" time="0.001" classname="Plumber.tests.Test_BasicFlow"/>
  <testcase name="verifyBasicFlow" time="0.008" classname="Plumber.tests.Test_BasicFlow"/>
</testsuite> <!-- Plumber.tests.Test_BasicFlow -->
