<?xml version="1.0" encoding="UTF-8"?>
<!-- Generated by org.testng.reporters.JUnitReportReporter -->
<testsuite hostname="ULTP_336" name="com.plumber.tests.Test_PlumberUnavailability" tests="2" failures="0" timestamp="2 Nov 2015 07:31:37 GMT" time="69.460" errors="0">
  <testcase name="verifyFinishJobOnPlumberUnavailability" time="32.738" classname="com.plumber.tests.Test_PlumberUnavailability"/>
  <testcase name="verifyStartJobOnPlumberUnavailability" time="36.722" classname="com.plumber.tests.Test_PlumberUnavailability"/>
</testsuite> <!-- com.plumber.tests.Test_PlumberUnavailability -->
