<?xml version="1.0" encoding="UTF-8"?>
<!-- Generated by org.testng.reporters.JUnitReportReporter -->
<testsuite hostname="ULTP_336" name="Plumber.tests.Test_Login" tests="1" failures="0" timestamp="29 Oct 2015 07:27:19 GMT" time="72.265" errors="0">
  <testcase name="loginTest" time="72.265" classname="Plumber.tests.Test_Login"/>
</testsuite> <!-- Plumber.tests.Test_Login -->
