<?xml version="1.0" encoding="UTF-8"?>
<!-- Generated by org.testng.reporters.JUnitReportReporter -->
<testsuite hostname="ULTP_336" name="com.plumber.tests.Test_PendingJobs" tests="4" failures="0" timestamp="2 Nov 2015 07:31:37 GMT" time="61.965" errors="0">
  <testcase name="verifyAcceptingJob" time="20.405" classname="com.plumber.tests.Test_PendingJobs"/>
  <testcase name="verifySkipingPriorityJob" time="9.711" classname="com.plumber.tests.Test_PendingJobs"/>
  <testcase name="verifySkipingNormalJob" time="18.726" classname="com.plumber.tests.Test_PendingJobs"/>
  <testcase name="verifyAcceptJobBeforeCompletingPrevious" time="13.123" classname="com.plumber.tests.Test_PendingJobs"/>
</testsuite> <!-- com.plumber.tests.Test_PendingJobs -->
