<?xml version="1.0" encoding="UTF-8"?>
<!-- Generated by org.testng.reporters.JUnitReportReporter -->
<testsuite hostname="ULTP_336" name="com.plumber.tests.Test_currentJob" tests="2" failures="0" timestamp="2 Nov 2015 07:31:37 GMT" time="40.200" errors="0">
  <testcase name="verifyCurrentJobForCompletedJob" time="4.210" classname="com.plumber.tests.Test_currentJob"/>
  <testcase name="verifyCompletingCurrentJob" time="35.990" classname="com.plumber.tests.Test_currentJob"/>
</testsuite> <!-- com.plumber.tests.Test_currentJob -->
