<?xml version="1.0" encoding="UTF-8"?>
<!-- Generated by org.testng.reporters.JUnitReportReporter -->
<testsuite hostname="ULTP_336" name="Plumber.tests.LoginLogout_test" tests="2" failures="0" timestamp="8 Oct 2015 10:45:11 GMT" time="68.568" errors="0">
  <testcase name="logoutTest" time="4.251" classname="Plumber.tests.LoginLogout_test"/>
  <testcase name="loginTest" time="64.317" classname="Plumber.tests.LoginLogout_test"/>
</testsuite> <!-- Plumber.tests.LoginLogout_test -->
