<?xml version="1.0" encoding="UTF-8"?>
<!-- Generated by org.testng.reporters.JUnitReportReporter -->
<testsuite hostname="ULTP_336" name="Plumber.tests.Test_EditProfile" tests="3" failures="0" timestamp="29 Oct 2015 07:36:42 GMT" time="144.676" errors="0">
  <testcase name="verifyEditProfile" time="50.369" classname="Plumber.tests.Test_EditProfile"/>
  <testcase name="verifyEditProfile" time="46.302" classname="Plumber.tests.Test_EditProfile"/>
  <testcase name="verifyEditProfile" time="48.005" classname="Plumber.tests.Test_EditProfile"/>
</testsuite> <!-- Plumber.tests.Test_EditProfile -->
