<?xml version="1.0" encoding="UTF-8"?>
<!-- Generated by org.testng.reporters.JUnitReportReporter -->
<testsuite hostname="ULTP_336" name="Plumber.tests.Login_test" tests="2" failures="0" timestamp="5 Oct 2015 09:21:22 GMT" time="113.214" errors="0">
  <testcase name="logoutTest" time="1.434" classname="Plumber.tests.Login_test"/>
  <testcase name="loginTest" time="111.780" classname="Plumber.tests.Login_test"/>
</testsuite> <!-- Plumber.tests.Login_test -->
