<?xml version="1.0" encoding="UTF-8"?>
<!-- Generated by org.testng.reporters.JUnitReportReporter -->
<testsuite hostname="ULTP_336" name="Plumber.tests.Test_WorkHistory" tests="1" failures="0" timestamp="29 Oct 2015 06:57:49 GMT" time="0.013" errors="0">
  <testcase name="verifyWorkHistoryForPlumber" time="0.013" classname="Plumber.tests.Test_WorkHistory"/>
</testsuite> <!-- Plumber.tests.Test_WorkHistory -->
