<?xml version="1.0" encoding="UTF-8"?>
<!-- Generated by org.testng.reporters.JUnitReportReporter -->
<testsuite hostname="ULTP_336" name="Plumber.tests.Test_PlumberUnavailability" tests="2" failures="0" timestamp="14 Oct 2015 05:54:28 GMT" time="68.203" errors="0">
  <testcase name="verifyFinishJobOnPlumberUnavailability" time="32.520" classname="Plumber.tests.Test_PlumberUnavailability"/>
  <testcase name="verifyStartJobOnPlumberUnavailability" time="35.683" classname="Plumber.tests.Test_PlumberUnavailability"/>
</testsuite> <!-- Plumber.tests.Test_PlumberUnavailability -->
