<?xml version="1.0" encoding="UTF-8"?>
<!-- Generated by org.testng.reporters.JUnitReportReporter -->
<testsuite hostname="ULTP_336" name="Plumber.tests.Test_Feedback" tests="3" failures="0" timestamp="14 Oct 2015 05:54:28 GMT" time="55.377" errors="0">
  <testcase name="verifyFeedbackWithInvalidSecretKey" time="17.917" classname="Plumber.tests.Test_Feedback"/>
  <testcase name="verifyFeedbackWithValidSecretKey" time="17.436" classname="Plumber.tests.Test_Feedback"/>
  <testcase name="verifyAcceptJobBeforeFeedbackToPrevious" time="20.024" classname="Plumber.tests.Test_Feedback"/>
</testsuite> <!-- Plumber.tests.Test_Feedback -->
