<?xml version="1.0" encoding="UTF-8"?>
<!-- Generated by org.testng.reporters.JUnitReportReporter -->
<testsuite hostname="ULTP_336" name="com.plumber.tests.Test_ChangePassword" tests="1" failures="0" timestamp="24 Nov 2015 11:19:05 GMT" time="0.011" errors="0">
  <testcase name="verifyChangedPassword" time="0.011" classname="com.plumber.tests.Test_ChangePassword"/>
</testsuite> <!-- com.plumber.tests.Test_ChangePassword -->
