<?xml version="1.0" encoding="UTF-8"?>
<!-- Generated by org.testng.reporters.JUnitReportReporter -->
<testsuite hostname="ULTP_336" name="com.plumber.tests.Test_Feedback" tests="2" failures="0" timestamp="2 Nov 2015 07:31:37 GMT" time="37.234" errors="0">
  <testcase name="verifyFeedbackWithValidSecretKey" time="14.792" classname="com.plumber.tests.Test_Feedback"/>
  <testcase name="verifyFeedbackWithInvalidSecretKey" time="22.442" classname="com.plumber.tests.Test_Feedback"/>
</testsuite> <!-- com.plumber.tests.Test_Feedback -->
