<?xml version="1.0" encoding="UTF-8"?>
<!-- Generated by org.testng.reporters.JUnitReportReporter -->
<testsuite hostname="ULTP_336" name="Plumber.tests.Test_PendingJobs" tests="4" failures="0" timestamp="14 Oct 2015 05:54:28 GMT" time="66.020" errors="0">
  <testcase name="verifySkipingNormalJob" time="19.498" classname="Plumber.tests.Test_PendingJobs"/>
  <testcase name="verifySkipingPriorityJob" time="10.315" classname="Plumber.tests.Test_PendingJobs"/>
  <testcase name="verifyAcceptingJob" time="20.911" classname="Plumber.tests.Test_PendingJobs"/>
  <testcase name="verifyAcceptJobBeforeCompletingPrevious" time="15.296" classname="Plumber.tests.Test_PendingJobs"/>
</testsuite> <!-- Plumber.tests.Test_PendingJobs -->
