<?xml version="1.0" encoding="UTF-8"?>
<!-- Generated by org.testng.reporters.JUnitReportReporter -->
<testsuite hostname="ULTP_336" name="com.plumber.tests.Test_EditProfile" tests="3" failures="0" timestamp="2 Nov 2015 07:31:37 GMT" time="130.485" errors="0">
  <testcase name="verifyEditProfile" time="42.277" classname="com.plumber.tests.Test_EditProfile"/>
  <testcase name="verifyEditProfile" time="41.767" classname="com.plumber.tests.Test_EditProfile"/>
  <testcase name="verifyEditProfile" time="46.441" classname="com.plumber.tests.Test_EditProfile"/>
</testsuite> <!-- com.plumber.tests.Test_EditProfile -->
