<?xml version="1.0" encoding="UTF-8"?>
<!-- Generated by org.testng.reporters.JUnitReportReporter -->
<testsuite hostname="ULTP_336" name="Plumber.tests.Test_JobCount" tests="1" failures="0" timestamp="14 Oct 2015 05:54:28 GMT" time="11.122" errors="0">
  <testcase name="verifyJobCount" time="11.122" classname="Plumber.tests.Test_JobCount"/>
</testsuite> <!-- Plumber.tests.Test_JobCount -->
