<?xml version="1.0" encoding="UTF-8"?>
<!-- Generated by org.testng.reporters.JUnitReportReporter -->
<testsuite hostname="ULTP_336" name="Plumber.tests.Test_currentJob" tests="2" failures="0" timestamp="14 Oct 2015 05:54:28 GMT" time="43.873" errors="0">
  <testcase name="verifyCompletingCurrentJob" time="39.582" classname="Plumber.tests.Test_currentJob"/>
  <testcase name="verifyCurrentJobForCompletedJob" time="4.291" classname="Plumber.tests.Test_currentJob"/>
</testsuite> <!-- Plumber.tests.Test_currentJob -->
